[debug] [2022-04-11T14:05:19.228Z] ----------------------------------------------------------------------
[debug] [2022-04-11T14:05:19.229Z] Command:       /usr/local/bin/node /usr/local/bin/firebase deploy
[debug] [2022-04-11T14:05:19.229Z] CLI Version:   10.5.0
[debug] [2022-04-11T14:05:19.229Z] Platform:      darwin
[debug] [2022-04-11T14:05:19.229Z] Node Version:  v16.14.0
[debug] [2022-04-11T14:05:19.231Z] Time:          Mon Apr 11 2022 09:05:19 GMT-0500 (Central Daylight Time)
[debug] [2022-04-11T14:05:19.231Z] ----------------------------------------------------------------------
[debug] 
[debug] [2022-04-11T14:05:19.232Z] >>> [apiv2][query] GET https://firebase-public.firebaseio.com/cli.json [none]
[debug] [2022-04-11T14:05:19.265Z] > refreshing access token with scopes: []
[debug] [2022-04-11T14:05:19.265Z] >>> HTTP REQUEST POST https://www.googleapis.com/oauth2/v3/token  
 <request body omitted>
[debug] [2022-04-11T14:05:19.544Z] <<< HTTP RESPONSE 200 {"date":"Mon, 11 Apr 2022 14:05:19 GMT","pragma":"no-cache","expires":"Mon, 01 Jan 1990 00:00:00 GMT","cache-control":"no-cache, no-store, max-age=0, must-revalidate","content-type":"application/json; charset=utf-8","vary":"X-Origin, Referer, Origin,Accept-Encoding","server":"scaffolding on HTTPServer2","x-xss-protection":"0","x-frame-options":"SAMEORIGIN","x-content-type-options":"nosniff","alt-svc":"h3=\":443\"; ma=2592000,h3-29=\":443\"; ma=2592000,h3-Q050=\":443\"; ma=2592000,h3-Q046=\":443\"; ma=2592000,h3-Q043=\":443\"; ma=2592000,quic=\":443\"; ma=2592000; v=\"46,43\"","accept-ranges":"none","transfer-encoding":"chunked"}
[debug] [2022-04-11T14:05:19.597Z] >>> [apiv2][query] GET https://firebase.googleapis.com/v1beta1/projects/undefined [none]
[debug] [2022-04-11T14:05:19.662Z] <<< [apiv2][status] GET https://firebase-public.firebaseio.com/cli.json 200
[debug] [2022-04-11T14:05:19.662Z] <<< [apiv2][body] GET https://firebase-public.firebaseio.com/cli.json {"cloudBuildErrorAfter":1594252800000,"cloudBuildWarnAfter":1590019200000,"defaultNode10After":1594252800000,"minVersion":"3.0.5","node8DeploysDisabledAfter":1613390400000,"node8RuntimeDisabledAfter":1615809600000,"node8WarnAfter":1600128000000}
[debug] [2022-04-11T14:05:20.087Z] <<< [apiv2][status] GET https://firebase.googleapis.com/v1beta1/projects/undefined 403
[debug] [2022-04-11T14:05:20.087Z] <<< [apiv2][body] GET https://firebase.googleapis.com/v1beta1/projects/undefined {"error":{"code":403,"message":"The caller does not have permission","status":"PERMISSION_DENIED"}}
[debug] [2022-04-11T14:05:20.088Z] HTTP Error: 403, The caller does not have permission
[debug] [2022-04-11T14:05:20.235Z] FirebaseError: HTTP Error: 403, The caller does not have permission
    at module.exports (/usr/local/lib/node_modules/firebase-tools/lib/responseToError.js:47:12)
    at RetryOperation._fn (/usr/local/lib/node_modules/firebase-tools/lib/apiv2.js:286:39)
    at processTicksAndRejections (node:internal/process/task_queues:96:5)
[error] 
[error] Error: Failed to get Firebase project undefined. Please make sure the project exists and your account has permission to access it.
